DEPRECATION WARNING: Passing strings or symbols to the middleware builder is deprecated, please change
them to actual class references.  For example:

  "Rack::Cors" => Rack::Cors

 (called from <top (required)> at /mnt/pliki/IE-IE/core/api/config/environment.rb:5)
Started GET "/api/chitin/files" for 127.0.0.1 at 2017-02-13 15:58:29 +0100
DEPRECATION WARNING: ActiveRecord::Base.raise_in_transactional_callbacks= is deprecated, has no effect and will be removed without replacement. (called from block (3 levels) in <class:Railtie> at /home/mortimer/.rvm/gems/ruby-2.3.0/gems/activerecord-5.0.1/lib/active_record/railtie.rb:113)
  
ActionController::RoutingError (No route matches [GET] "/api/chitin/files"):
  
actionpack (5.0.1) lib/action_dispatch/middleware/debug_exceptions.rb:53:in `call'
actionpack (5.0.1) lib/action_dispatch/middleware/show_exceptions.rb:31:in `call'
railties (5.0.1) lib/rails/rack/logger.rb:36:in `call_app'
railties (5.0.1) lib/rails/rack/logger.rb:24:in `block in call'
activesupport (5.0.1) lib/active_support/tagged_logging.rb:69:in `block in tagged'
activesupport (5.0.1) lib/active_support/tagged_logging.rb:26:in `tagged'
activesupport (5.0.1) lib/active_support/tagged_logging.rb:69:in `tagged'
railties (5.0.1) lib/rails/rack/logger.rb:24:in `call'
actionpack (5.0.1) lib/action_dispatch/middleware/request_id.rb:24:in `call'
rack (2.0.1) lib/rack/runtime.rb:22:in `call'
activesupport (5.0.1) lib/active_support/cache/strategy/local_cache_middleware.rb:28:in `call'
actionpack (5.0.1) lib/action_dispatch/middleware/executor.rb:12:in `call'
actionpack (5.0.1) lib/action_dispatch/middleware/static.rb:136:in `call'
rack (2.0.1) lib/rack/sendfile.rb:111:in `call'
rack-cors (0.4.1) lib/rack/cors.rb:81:in `call'
railties (5.0.1) lib/rails/engine.rb:522:in `call'
puma (3.7.0) lib/puma/configuration.rb:226:in `call'
puma (3.7.0) lib/puma/server.rb:578:in `handle_request'
puma (3.7.0) lib/puma/server.rb:415:in `process_client'
puma (3.7.0) lib/puma/server.rb:275:in `block in run'
puma (3.7.0) lib/puma/thread_pool.rb:120:in `block in spawn_thread'
Started GET "/favicon.ico" for 127.0.0.1 at 2017-02-13 15:58:29 +0100
  
ActionController::RoutingError (No route matches [GET] "/favicon.ico"):
  
actionpack (5.0.1) lib/action_dispatch/middleware/debug_exceptions.rb:53:in `call'
actionpack (5.0.1) lib/action_dispatch/middleware/show_exceptions.rb:31:in `call'
railties (5.0.1) lib/rails/rack/logger.rb:36:in `call_app'
railties (5.0.1) lib/rails/rack/logger.rb:24:in `block in call'
activesupport (5.0.1) lib/active_support/tagged_logging.rb:69:in `block in tagged'
activesupport (5.0.1) lib/active_support/tagged_logging.rb:26:in `tagged'
activesupport (5.0.1) lib/active_support/tagged_logging.rb:69:in `tagged'
railties (5.0.1) lib/rails/rack/logger.rb:24:in `call'
actionpack (5.0.1) lib/action_dispatch/middleware/request_id.rb:24:in `call'
rack (2.0.1) lib/rack/runtime.rb:22:in `call'
activesupport (5.0.1) lib/active_support/cache/strategy/local_cache_middleware.rb:28:in `call'
actionpack (5.0.1) lib/action_dispatch/middleware/executor.rb:12:in `call'
actionpack (5.0.1) lib/action_dispatch/middleware/static.rb:136:in `call'
rack (2.0.1) lib/rack/sendfile.rb:111:in `call'
rack-cors (0.4.1) lib/rack/cors.rb:81:in `call'
railties (5.0.1) lib/rails/engine.rb:522:in `call'
puma (3.7.0) lib/puma/configuration.rb:226:in `call'
puma (3.7.0) lib/puma/server.rb:578:in `handle_request'
puma (3.7.0) lib/puma/server.rb:415:in `process_client'
puma (3.7.0) lib/puma/server.rb:275:in `block in run'
puma (3.7.0) lib/puma/thread_pool.rb:120:in `block in spawn_thread'
Started GET "/favicon.ico" for 127.0.0.1 at 2017-02-13 15:58:29 +0100
  
ActionController::RoutingError (No route matches [GET] "/favicon.ico"):
  
actionpack (5.0.1) lib/action_dispatch/middleware/debug_exceptions.rb:53:in `call'
actionpack (5.0.1) lib/action_dispatch/middleware/show_exceptions.rb:31:in `call'
railties (5.0.1) lib/rails/rack/logger.rb:36:in `call_app'
railties (5.0.1) lib/rails/rack/logger.rb:24:in `block in call'
activesupport (5.0.1) lib/active_support/tagged_logging.rb:69:in `block in tagged'
activesupport (5.0.1) lib/active_support/tagged_logging.rb:26:in `tagged'
activesupport (5.0.1) lib/active_support/tagged_logging.rb:69:in `tagged'
railties (5.0.1) lib/rails/rack/logger.rb:24:in `call'
actionpack (5.0.1) lib/action_dispatch/middleware/request_id.rb:24:in `call'
rack (2.0.1) lib/rack/runtime.rb:22:in `call'
activesupport (5.0.1) lib/active_support/cache/strategy/local_cache_middleware.rb:28:in `call'
actionpack (5.0.1) lib/action_dispatch/middleware/executor.rb:12:in `call'
actionpack (5.0.1) lib/action_dispatch/middleware/static.rb:136:in `call'
rack (2.0.1) lib/rack/sendfile.rb:111:in `call'
rack-cors (0.4.1) lib/rack/cors.rb:81:in `call'
railties (5.0.1) lib/rails/engine.rb:522:in `call'
puma (3.7.0) lib/puma/configuration.rb:226:in `call'
puma (3.7.0) lib/puma/server.rb:578:in `handle_request'
puma (3.7.0) lib/puma/server.rb:415:in `process_client'
puma (3.7.0) lib/puma/server.rb:275:in `block in run'
puma (3.7.0) lib/puma/thread_pool.rb:120:in `block in spawn_thread'
Started GET "/api/chitin/files/asd" for 127.0.0.1 at 2017-02-13 15:58:37 +0100
  
LoadError (cannot load such file -- ../../../app.rb):
  
app/controllers/application_controller.rb:2:in `<class:ApplicationController>'
app/controllers/application_controller.rb:1:in `<top (required)>'
app/controllers/chitin_controller.rb:1:in `<top (required)>'
Started GET "/api/chitin/files/asd" for 127.0.0.1 at 2017-02-13 15:59:11 +0100
  
LoadError (cannot load such file -- ../../app.rb):
  
app/controllers/application_controller.rb:2:in `<class:ApplicationController>'
app/controllers/application_controller.rb:1:in `<top (required)>'
app/controllers/chitin_controller.rb:1:in `<top (required)>'
Started GET "/api/chitin/files/asd" for 127.0.0.1 at 2017-02-13 15:59:15 +0100
  
LoadError (cannot load such file -- ./library.rb):
  
app/controllers/application_controller.rb:2:in `<class:ApplicationController>'
app/controllers/application_controller.rb:1:in `<top (required)>'
app/controllers/chitin_controller.rb:1:in `<top (required)>'
DEPRECATION WARNING: Passing strings or symbols to the middleware builder is deprecated, please change
them to actual class references.  For example:

  "Rack::Cors" => Rack::Cors

 (called from <top (required)> at /mnt/pliki/IE-IE/core/api/config/environment.rb:5)
Started GET "/api/chitin/files/asd" for 127.0.0.1 at 2017-02-13 16:03:22 +0100
DEPRECATION WARNING: ActiveRecord::Base.raise_in_transactional_callbacks= is deprecated, has no effect and will be removed without replacement. (called from block (3 levels) in <class:Railtie> at /home/mortimer/.rvm/gems/ruby-2.3.0/gems/activerecord-5.0.1/lib/active_record/railtie.rb:113)
  
ActionController::RoutingError (uninitialized constant Api::ChitinController):
  
activesupport (5.0.1) lib/active_support/inflector/methods.rb:283:in `const_get'
activesupport (5.0.1) lib/active_support/inflector/methods.rb:283:in `block in constantize'
activesupport (5.0.1) lib/active_support/inflector/methods.rb:266:in `each'
activesupport (5.0.1) lib/active_support/inflector/methods.rb:266:in `inject'
activesupport (5.0.1) lib/active_support/inflector/methods.rb:266:in `constantize'
actionpack (5.0.1) lib/action_dispatch/http/request.rb:81:in `controller_class'
actionpack (5.0.1) lib/action_dispatch/routing/route_set.rb:44:in `controller'
actionpack (5.0.1) lib/action_dispatch/routing/route_set.rb:30:in `serve'
actionpack (5.0.1) lib/action_dispatch/journey/router.rb:39:in `block in serve'
actionpack (5.0.1) lib/action_dispatch/journey/router.rb:26:in `each'
actionpack (5.0.1) lib/action_dispatch/journey/router.rb:26:in `serve'
actionpack (5.0.1) lib/action_dispatch/routing/route_set.rb:725:in `call'
rack (2.0.1) lib/rack/etag.rb:25:in `call'
rack (2.0.1) lib/rack/conditional_get.rb:25:in `call'
rack (2.0.1) lib/rack/head.rb:12:in `call'
activerecord (5.0.1) lib/active_record/migration.rb:553:in `call'
actionpack (5.0.1) lib/action_dispatch/middleware/callbacks.rb:38:in `block in call'
activesupport (5.0.1) lib/active_support/callbacks.rb:97:in `__run_callbacks__'
activesupport (5.0.1) lib/active_support/callbacks.rb:750:in `_run_call_callbacks'
activesupport (5.0.1) lib/active_support/callbacks.rb:90:in `run_callbacks'
actionpack (5.0.1) lib/action_dispatch/middleware/callbacks.rb:36:in `call'
actionpack (5.0.1) lib/action_dispatch/middleware/executor.rb:12:in `call'
actionpack (5.0.1) lib/action_dispatch/middleware/remote_ip.rb:79:in `call'
actionpack (5.0.1) lib/action_dispatch/middleware/debug_exceptions.rb:49:in `call'
actionpack (5.0.1) lib/action_dispatch/middleware/show_exceptions.rb:31:in `call'
railties (5.0.1) lib/rails/rack/logger.rb:36:in `call_app'
railties (5.0.1) lib/rails/rack/logger.rb:24:in `block in call'
activesupport (5.0.1) lib/active_support/tagged_logging.rb:69:in `block in tagged'
activesupport (5.0.1) lib/active_support/tagged_logging.rb:26:in `tagged'
activesupport (5.0.1) lib/active_support/tagged_logging.rb:69:in `tagged'
railties (5.0.1) lib/rails/rack/logger.rb:24:in `call'
actionpack (5.0.1) lib/action_dispatch/middleware/request_id.rb:24:in `call'
rack (2.0.1) lib/rack/runtime.rb:22:in `call'
activesupport (5.0.1) lib/active_support/cache/strategy/local_cache_middleware.rb:28:in `call'
actionpack (5.0.1) lib/action_dispatch/middleware/executor.rb:12:in `call'
actionpack (5.0.1) lib/action_dispatch/middleware/static.rb:136:in `call'
rack (2.0.1) lib/rack/sendfile.rb:111:in `call'
rack-cors (0.4.1) lib/rack/cors.rb:81:in `call'
railties (5.0.1) lib/rails/engine.rb:522:in `call'
puma (3.7.0) lib/puma/configuration.rb:226:in `call'
puma (3.7.0) lib/puma/server.rb:578:in `handle_request'
puma (3.7.0) lib/puma/server.rb:415:in `process_client'
puma (3.7.0) lib/puma/server.rb:275:in `block in run'
puma (3.7.0) lib/puma/thread_pool.rb:120:in `block in spawn_thread'
DEPRECATION WARNING: Passing strings or symbols to the middleware builder is deprecated, please change
them to actual class references.  For example:

  "Rack::Cors" => Rack::Cors

 (called from <top (required)> at /mnt/pliki/IE-IE/core/api/config/environment.rb:5)
Started GET "/api/chitin/files/asd" for 127.0.0.1 at 2017-02-13 16:04:10 +0100
DEPRECATION WARNING: ActiveRecord::Base.raise_in_transactional_callbacks= is deprecated, has no effect and will be removed without replacement. (called from block (3 levels) in <class:Railtie> at /home/mortimer/.rvm/gems/ruby-2.3.0/gems/activerecord-5.0.1/lib/active_record/railtie.rb:113)
  
LoadError (Unable to autoload constant Api::ChitinController, expected /mnt/pliki/IE-IE/core/api/app/controllers/api/chitin_controller.rb to define it):
  
activesupport (5.0.1) lib/active_support/dependencies.rb:512:in `load_missing_constant'
activesupport (5.0.1) lib/active_support/dependencies.rb:203:in `const_missing'
activesupport (5.0.1) lib/active_support/inflector/methods.rb:270:in `const_get'
activesupport (5.0.1) lib/active_support/inflector/methods.rb:270:in `block in constantize'
activesupport (5.0.1) lib/active_support/inflector/methods.rb:266:in `each'
activesupport (5.0.1) lib/active_support/inflector/methods.rb:266:in `inject'
activesupport (5.0.1) lib/active_support/inflector/methods.rb:266:in `constantize'
activesupport (5.0.1) lib/active_support/dependencies.rb:583:in `get'
activesupport (5.0.1) lib/active_support/dependencies.rb:614:in `constantize'
actionpack (5.0.1) lib/action_dispatch/http/request.rb:81:in `controller_class'
actionpack (5.0.1) lib/action_dispatch/routing/route_set.rb:44:in `controller'
actionpack (5.0.1) lib/action_dispatch/routing/route_set.rb:30:in `serve'
actionpack (5.0.1) lib/action_dispatch/journey/router.rb:39:in `block in serve'
actionpack (5.0.1) lib/action_dispatch/journey/router.rb:26:in `each'
actionpack (5.0.1) lib/action_dispatch/journey/router.rb:26:in `serve'
actionpack (5.0.1) lib/action_dispatch/routing/route_set.rb:725:in `call'
rack (2.0.1) lib/rack/etag.rb:25:in `call'
rack (2.0.1) lib/rack/conditional_get.rb:25:in `call'
rack (2.0.1) lib/rack/head.rb:12:in `call'
activerecord (5.0.1) lib/active_record/migration.rb:553:in `call'
actionpack (5.0.1) lib/action_dispatch/middleware/callbacks.rb:38:in `block in call'
activesupport (5.0.1) lib/active_support/callbacks.rb:97:in `__run_callbacks__'
activesupport (5.0.1) lib/active_support/callbacks.rb:750:in `_run_call_callbacks'
activesupport (5.0.1) lib/active_support/callbacks.rb:90:in `run_callbacks'
actionpack (5.0.1) lib/action_dispatch/middleware/callbacks.rb:36:in `call'
actionpack (5.0.1) lib/action_dispatch/middleware/executor.rb:12:in `call'
actionpack (5.0.1) lib/action_dispatch/middleware/remote_ip.rb:79:in `call'
actionpack (5.0.1) lib/action_dispatch/middleware/debug_exceptions.rb:49:in `call'
actionpack (5.0.1) lib/action_dispatch/middleware/show_exceptions.rb:31:in `call'
railties (5.0.1) lib/rails/rack/logger.rb:36:in `call_app'
railties (5.0.1) lib/rails/rack/logger.rb:24:in `block in call'
activesupport (5.0.1) lib/active_support/tagged_logging.rb:69:in `block in tagged'
activesupport (5.0.1) lib/active_support/tagged_logging.rb:26:in `tagged'
activesupport (5.0.1) lib/active_support/tagged_logging.rb:69:in `tagged'
railties (5.0.1) lib/rails/rack/logger.rb:24:in `call'
actionpack (5.0.1) lib/action_dispatch/middleware/request_id.rb:24:in `call'
rack (2.0.1) lib/rack/runtime.rb:22:in `call'
activesupport (5.0.1) lib/active_support/cache/strategy/local_cache_middleware.rb:28:in `call'
actionpack (5.0.1) lib/action_dispatch/middleware/executor.rb:12:in `call'
actionpack (5.0.1) lib/action_dispatch/middleware/static.rb:136:in `call'
rack (2.0.1) lib/rack/sendfile.rb:111:in `call'
rack-cors (0.4.1) lib/rack/cors.rb:81:in `call'
railties (5.0.1) lib/rails/engine.rb:522:in `call'
puma (3.7.0) lib/puma/configuration.rb:226:in `call'
puma (3.7.0) lib/puma/server.rb:578:in `handle_request'
puma (3.7.0) lib/puma/server.rb:415:in `process_client'
puma (3.7.0) lib/puma/server.rb:275:in `block in run'
puma (3.7.0) lib/puma/thread_pool.rb:120:in `block in spawn_thread'
Started GET "/api/chitin/files/asd" for 127.0.0.1 at 2017-02-13 16:04:23 +0100
Processing by Api::ChitinController#files as JSON
  Parameters: {"type"=>"asd"}
Completed 500 Internal Server Error in 12ms (ActiveRecord: 0.0ms)


  
NameError (uninitialized class variable @@chitin_location in Api::ChitinController):
  
app/controllers/api/chitin_controller.rb:5:in `load'
Started GET "/api/chitin/set?location=/home/mortimer/PlayOnLinux%27s%20virtual%20drives/bgee/drive_c/Program%20Files/Baldur%27s%20Gate%20-%20Enhanced%20Edition/chitin.key" for 127.0.0.1 at 2017-02-13 16:05:18 +0100
Processing by Api::ChitinController#set as JSON
  Parameters: {"location"=>"/home/mortimer/PlayOnLinux's virtual drives/bgee/drive_c/Program Files/Baldur's Gate - Enhanced Edition/chitin.key"}
Completed 204 No Content in 0ms (ActiveRecord: 0.0ms)


Started GET "/api/chitin/set?location=/home/mortimer/PlayOnLinux%27s%20virtual%20drives/bgee/drive_c/Program%20Files/Baldur%27s%20Gate%20-%20Enhanced%20Edition/chitin.key" for 127.0.0.1 at 2017-02-13 16:05:24 +0100
Processing by Api::ChitinController#set as JSON
  Parameters: {"location"=>"/home/mortimer/PlayOnLinux's virtual drives/bgee/drive_c/Program Files/Baldur's Gate - Enhanced Edition/chitin.key"}
Completed 204 No Content in 1ms (ActiveRecord: 0.0ms)


Started GET "/api/chitin/set?location=asd" for 127.0.0.1 at 2017-02-13 16:05:30 +0100
Processing by Api::ChitinController#set as JSON
  Parameters: {"location"=>"asd"}
Completed 204 No Content in 0ms (ActiveRecord: 0.0ms)


Started GET "/api/chitin/set?location=/home/mortimer/PlayOnLinux%27s%20virtual%20drives/bgee/drive_c/Program%20Files/Baldur%27s%20Gate%20-%20Enhanced%20Edition/chitin.key" for 127.0.0.1 at 2017-02-13 16:06:04 +0100
Processing by Api::ChitinController#set as JSON
  Parameters: {"location"=>"/home/mortimer/PlayOnLinux's virtual drives/bgee/drive_c/Program Files/Baldur's Gate - Enhanced Edition/chitin.key"}
Completed 204 No Content in 0ms (ActiveRecord: 0.0ms)


Started GET "/api/chitin/files/asd" for 127.0.0.1 at 2017-02-13 16:06:11 +0100
Processing by Api::ChitinController#files as JSON
  Parameters: {"type"=>"asd"}
Completed 204 No Content in 0ms (ActiveRecord: 0.0ms)


Started GET "/api/chitin/files/asd" for 127.0.0.1 at 2017-02-13 16:06:16 +0100
Processing by Api::ChitinController#files as JSON
  Parameters: {"type"=>"asd"}
Completed 204 No Content in 0ms (ActiveRecord: 0.0ms)


Started GET "/api/chitin/files/asd" for 127.0.0.1 at 2017-02-13 16:06:17 +0100
Processing by Api::ChitinController#files as JSON
  Parameters: {"type"=>"asd"}
Completed 204 No Content in 0ms (ActiveRecord: 0.0ms)


Started GET "/api/chitin/files/asd" for 127.0.0.1 at 2017-02-13 16:06:17 +0100
Processing by Api::ChitinController#files as JSON
  Parameters: {"type"=>"asd"}
Completed 204 No Content in 0ms (ActiveRecord: 0.0ms)


Started GET "/api/chitin/set?location=/home/mortimer/PlayOnLinux%27s%20virtual%20drives/bgee/drive_c/Program%20Files/Baldur%27s%20Gate%20-%20Enhanced%20Edition/chitin.key" for 127.0.0.1 at 2017-02-13 16:06:19 +0100
Processing by Api::ChitinController#set as JSON
  Parameters: {"location"=>"/home/mortimer/PlayOnLinux's virtual drives/bgee/drive_c/Program Files/Baldur's Gate - Enhanced Edition/chitin.key"}
Completed 204 No Content in 0ms (ActiveRecord: 0.0ms)


Started GET "/api/chitin/files/asd" for 127.0.0.1 at 2017-02-13 16:07:04 +0100
Processing by Api::ChitinController#files as JSON
  Parameters: {"type"=>"asd"}
Completed 500 Internal Server Error in 10ms (ActiveRecord: 0.0ms)


  
NameError (uninitialized constant Api::ChitinController::Chitin):
  
app/controllers/api/chitin_controller.rb:7:in `load'
DEPRECATION WARNING: Passing strings or symbols to the middleware builder is deprecated, please change
them to actual class references.  For example:

  "Rack::Cors" => Rack::Cors

 (called from <top (required)> at /mnt/pliki/IE-IE/core/api/config/environment.rb:5)
Started GET "/api/chitin/files/asd" for 127.0.0.1 at 2017-02-13 16:08:09 +0100
DEPRECATION WARNING: ActiveRecord::Base.raise_in_transactional_callbacks= is deprecated, has no effect and will be removed without replacement. (called from block (3 levels) in <class:Railtie> at /home/mortimer/.rvm/gems/ruby-2.3.0/gems/activerecord-5.0.1/lib/active_record/railtie.rb:113)
Processing by Api::ChitinController#files as JSON
  Parameters: {"type"=>"asd"}
Completed 500 Internal Server Error in 9ms (ActiveRecord: 0.0ms)


  
NameError (uninitialized constant Api::ChitinController::Chitin):
  
app/controllers/api/chitin_controller.rb:7:in `load'
DEPRECATION WARNING: Passing strings or symbols to the middleware builder is deprecated, please change
them to actual class references.  For example:

  "Rack::Cors" => Rack::Cors

 (called from <top (required)> at /mnt/pliki/IE-IE/core/api/config/environment.rb:5)
Started GET "/api/chitin/files/asd" for 127.0.0.1 at 2017-02-13 16:10:07 +0100
DEPRECATION WARNING: ActiveRecord::Base.raise_in_transactional_callbacks= is deprecated, has no effect and will be removed without replacement. (called from block (3 levels) in <class:Railtie> at /home/mortimer/.rvm/gems/ruby-2.3.0/gems/activerecord-5.0.1/lib/active_record/railtie.rb:113)
  
LoadError (cannot load such file -- lib/Chitin/Chitin):
  
app/controllers/api/chitin_controller.rb:4:in `<class:ChitinController>'
app/controllers/api/chitin_controller.rb:1:in `<top (required)>'
Started GET "/api/chitin/files/asd" for 127.0.0.1 at 2017-02-13 16:10:16 +0100
Processing by Api::ChitinController#files as JSON
  Parameters: {"type"=>"asd"}
Completed 500 Internal Server Error in 0ms (ActiveRecord: 0.0ms)


  
Errno::ENOENT (No such file or directory @ rb_sysopen - /chitin.key):
  
lib/Chitin/Chitin.rb:30:in `initialize'
lib/Chitin/Chitin.rb:30:in `open'
lib/Chitin/Chitin.rb:30:in `initialize'
app/controllers/api/chitin_controller.rb:9:in `new'
app/controllers/api/chitin_controller.rb:9:in `load'
DEPRECATION WARNING: Passing strings or symbols to the middleware builder is deprecated, please change
them to actual class references.  For example:

  "Rack::Cors" => Rack::Cors

 (called from <top (required)> at /mnt/pliki/IE-IE/core/api/config/environment.rb:5)
Started GET "/api/chitin/set?location=/home/mortimer/PlayOnLinux%27s%20virtual%20drives/bgee/drive_c/Program%20Files/Baldur%27s%20Gate%20-%20Enhanced%20Edition/chitin.key" for 127.0.0.1 at 2017-02-13 16:12:33 +0100
DEPRECATION WARNING: ActiveRecord::Base.raise_in_transactional_callbacks= is deprecated, has no effect and will be removed without replacement. (called from block (3 levels) in <class:Railtie> at /home/mortimer/.rvm/gems/ruby-2.3.0/gems/activerecord-5.0.1/lib/active_record/railtie.rb:113)
Processing by Api::ChitinController#set as JSON
  Parameters: {"location"=>"/home/mortimer/PlayOnLinux's virtual drives/bgee/drive_c/Program Files/Baldur's Gate - Enhanced Edition/chitin.key"}
Completed 204 No Content in 1ms (ActiveRecord: 0.0ms)


DEPRECATION WARNING: Passing strings or symbols to the middleware builder is deprecated, please change
them to actual class references.  For example:

  "Rack::Cors" => Rack::Cors

 (called from <top (required)> at /mnt/pliki/IE-IE/core/api/config/environment.rb:5)
Started GET "/api/chitin/files/asd" for 127.0.0.1 at 2017-02-13 16:14:05 +0100
DEPRECATION WARNING: ActiveRecord::Base.raise_in_transactional_callbacks= is deprecated, has no effect and will be removed without replacement. (called from block (3 levels) in <class:Railtie> at /home/mortimer/.rvm/gems/ruby-2.3.0/gems/activerecord-5.0.1/lib/active_record/railtie.rb:113)
Processing by Api::ChitinController#files as JSON
  Parameters: {"type"=>"asd"}
Completed 500 Internal Server Error in 0ms (ActiveRecord: 0.0ms)


  
Errno::ENOENT (No such file or directory @ rb_sysopen - /chitin.key):
  
lib/Chitin/Chitin.rb:30:in `initialize'
lib/Chitin/Chitin.rb:30:in `open'
lib/Chitin/Chitin.rb:30:in `initialize'
app/controllers/api/chitin_controller.rb:9:in `new'
app/controllers/api/chitin_controller.rb:9:in `load'
Started GET "/api/chitin/set?location=/home/mortimer/PlayOnLinux%27s%20virtual%20drives/bgee/drive_c/Program%20Files/Baldur%27s%20Gate%20-%20Enhanced%20Edition/chitin.key" for 127.0.0.1 at 2017-02-13 16:14:28 +0100
Processing by Api::ChitinController#set as JSON
  Parameters: {"location"=>"/home/mortimer/PlayOnLinux's virtual drives/bgee/drive_c/Program Files/Baldur's Gate - Enhanced Edition/chitin.key"}
Completed 204 No Content in 1ms (ActiveRecord: 0.0ms)


Started GET "/api/chitin/files/asd" for 127.0.0.1 at 2017-02-13 16:14:30 +0100
Processing by Api::ChitinController#files as JSON
  Parameters: {"type"=>"asd"}
Completed 500 Internal Server Error in 798ms (ActiveRecord: 0.0ms)


  
NameError (uninitialized constant Chitin::Header):
  
lib/Chitin/Chitin.rb:58:in `recreate_header'
lib/Chitin/Chitin.rb:40:in `initialize'
app/controllers/api/chitin_controller.rb:9:in `new'
app/controllers/api/chitin_controller.rb:9:in `load'
Started GET "/api/chitin/files/asd" for 127.0.0.1 at 2017-02-13 16:15:15 +0100
Processing by Api::ChitinController#files as JSON
  Parameters: {"type"=>"asd"}
Completed 500 Internal Server Error in 0ms (ActiveRecord: 0.0ms)


  
Errno::ENOENT (No such file or directory @ rb_sysopen - /chitin.key):
  
lib/Chitin/Chitin.rb:30:in `initialize'
lib/Chitin/Chitin.rb:30:in `open'
lib/Chitin/Chitin.rb:30:in `initialize'
app/controllers/api/chitin_controller.rb:9:in `new'
app/controllers/api/chitin_controller.rb:9:in `load'
Started GET "/api/chitin/files/asd" for 127.0.0.1 at 2017-02-13 16:18:38 +0100
Processing by Api::ChitinController#files as JSON
  Parameters: {"type"=>"asd"}
Completed 204 No Content in 0ms (ActiveRecord: 0.0ms)


DEPRECATION WARNING: Passing strings or symbols to the middleware builder is deprecated, please change
them to actual class references.  For example:

  "Rack::Cors" => Rack::Cors

 (called from <top (required)> at /mnt/pliki/IE-IE/core/api/config/environment.rb:5)
Started GET "/api/chitin/files/asd" for 127.0.0.1 at 2017-02-13 16:18:46 +0100
DEPRECATION WARNING: ActiveRecord::Base.raise_in_transactional_callbacks= is deprecated, has no effect and will be removed without replacement. (called from block (3 levels) in <class:Railtie> at /home/mortimer/.rvm/gems/ruby-2.3.0/gems/activerecord-5.0.1/lib/active_record/railtie.rb:113)
Processing by Api::ChitinController#files as JSON
  Parameters: {"type"=>"asd"}
Completed 204 No Content in 1ms (ActiveRecord: 0.0ms)


Started GET "/api/chitin/files/asd" for 127.0.0.1 at 2017-02-13 16:18:47 +0100
Processing by Api::ChitinController#files as JSON
  Parameters: {"type"=>"asd"}
Completed 204 No Content in 0ms (ActiveRecord: 0.0ms)


Started GET "/api/chitin/files/asd" for 127.0.0.1 at 2017-02-13 16:18:55 +0100
Processing by Api::ChitinController#files as JSON
  Parameters: {"type"=>"asd"}
Completed 204 No Content in 1ms (ActiveRecord: 0.0ms)


Started GET "/api/chitin/files/asd" for 127.0.0.1 at 2017-02-13 16:18:56 +0100
Processing by Api::ChitinController#files as JSON
  Parameters: {"type"=>"asd"}
Completed 204 No Content in 0ms (ActiveRecord: 0.0ms)


DEPRECATION WARNING: Passing strings or symbols to the middleware builder is deprecated, please change
them to actual class references.  For example:

  "Rack::Cors" => Rack::Cors

 (called from <top (required)> at /mnt/pliki/IE-IE/core/api/config/environment.rb:5)
Started GET "/api/chitin/files/asd" for 127.0.0.1 at 2017-02-13 16:20:28 +0100
DEPRECATION WARNING: ActiveRecord::Base.raise_in_transactional_callbacks= is deprecated, has no effect and will be removed without replacement. (called from block (3 levels) in <class:Railtie> at /home/mortimer/.rvm/gems/ruby-2.3.0/gems/activerecord-5.0.1/lib/active_record/railtie.rb:113)
Processing by Api::ChitinController#files as JSON
  Parameters: {"type"=>"asd"}
Completed 204 No Content in 1ms (ActiveRecord: 0.0ms)


Started GET "/api/chitin/set?location=/home/mortimer/PlayOnLinux%27s%20virtual%20drives/bgee/drive_c/Program%20Files/Baldur%27s%20Gate%20-%20Enhanced%20Edition/chitin.key" for 127.0.0.1 at 2017-02-13 16:21:03 +0100
Processing by Api::ChitinController#set as JSON
  Parameters: {"location"=>"/home/mortimer/PlayOnLinux's virtual drives/bgee/drive_c/Program Files/Baldur's Gate - Enhanced Edition/chitin.key"}
Completed 204 No Content in 0ms (ActiveRecord: 0.0ms)


Started GET "/api/chitin/set?location=/home/mortimer/PlayOnLinux%27s%20virtual%20drives/bgee/drive_c/Program%20Files/Baldur%27s%20Gate%20-%20Enhanced%20Edition/chitin.key" for 127.0.0.1 at 2017-02-13 16:21:07 +0100
Processing by Api::ChitinController#set as JSON
  Parameters: {"location"=>"/home/mortimer/PlayOnLinux's virtual drives/bgee/drive_c/Program Files/Baldur's Gate - Enhanced Edition/chitin.key"}
Completed 204 No Content in 0ms (ActiveRecord: 0.0ms)


Started GET "/api/chitin/files/asd" for 127.0.0.1 at 2017-02-13 16:21:08 +0100
Processing by Api::ChitinController#files as JSON
  Parameters: {"type"=>"asd"}
Completed 204 No Content in 0ms (ActiveRecord: 0.0ms)


Started GET "/api/chitin/files/asd" for 127.0.0.1 at 2017-02-13 16:21:08 +0100
Processing by Api::ChitinController#files as JSON
  Parameters: {"type"=>"asd"}
Completed 204 No Content in 0ms (ActiveRecord: 0.0ms)


Started GET "/api/chitin/files/asd" for 127.0.0.1 at 2017-02-13 16:21:08 +0100
Processing by Api::ChitinController#files as JSON
  Parameters: {"type"=>"asd"}
Completed 204 No Content in 1ms (ActiveRecord: 0.0ms)


Started GET "/api/" for 127.0.0.1 at 2017-02-13 16:21:17 +0100
  
ActionController::RoutingError (No route matches [GET] "/api"):
  
actionpack (5.0.1) lib/action_dispatch/middleware/debug_exceptions.rb:53:in `call'
actionpack (5.0.1) lib/action_dispatch/middleware/show_exceptions.rb:31:in `call'
railties (5.0.1) lib/rails/rack/logger.rb:36:in `call_app'
railties (5.0.1) lib/rails/rack/logger.rb:24:in `block in call'
activesupport (5.0.1) lib/active_support/tagged_logging.rb:69:in `block in tagged'
activesupport (5.0.1) lib/active_support/tagged_logging.rb:26:in `tagged'
activesupport (5.0.1) lib/active_support/tagged_logging.rb:69:in `tagged'
railties (5.0.1) lib/rails/rack/logger.rb:24:in `call'
actionpack (5.0.1) lib/action_dispatch/middleware/request_id.rb:24:in `call'
rack (2.0.1) lib/rack/runtime.rb:22:in `call'
activesupport (5.0.1) lib/active_support/cache/strategy/local_cache_middleware.rb:28:in `call'
actionpack (5.0.1) lib/action_dispatch/middleware/executor.rb:12:in `call'
actionpack (5.0.1) lib/action_dispatch/middleware/static.rb:136:in `call'
rack (2.0.1) lib/rack/sendfile.rb:111:in `call'
rack-cors (0.4.1) lib/rack/cors.rb:81:in `call'
railties (5.0.1) lib/rails/engine.rb:522:in `call'
puma (3.7.0) lib/puma/configuration.rb:226:in `call'
puma (3.7.0) lib/puma/server.rb:578:in `handle_request'
puma (3.7.0) lib/puma/server.rb:415:in `process_client'
puma (3.7.0) lib/puma/server.rb:275:in `block in run'
puma (3.7.0) lib/puma/thread_pool.rb:120:in `block in spawn_thread'
Started GET "/api/http://localhost:3000/api/chitin/set?location=/home/mortimer/PlayOnLinux%27s%20virtual%20drives/bgee/drive_c/Program%20Files/Baldur%27s%20Gate%20-%20Enhanced%20Edition/chitin.key" for 127.0.0.1 at 2017-02-13 16:21:20 +0100
  
ActionController::RoutingError (No route matches [GET] "/api/http:/localhost:3000/api/chitin/set"):
  
actionpack (5.0.1) lib/action_dispatch/middleware/debug_exceptions.rb:53:in `call'
actionpack (5.0.1) lib/action_dispatch/middleware/show_exceptions.rb:31:in `call'
railties (5.0.1) lib/rails/rack/logger.rb:36:in `call_app'
railties (5.0.1) lib/rails/rack/logger.rb:24:in `block in call'
activesupport (5.0.1) lib/active_support/tagged_logging.rb:69:in `block in tagged'
activesupport (5.0.1) lib/active_support/tagged_logging.rb:26:in `tagged'
activesupport (5.0.1) lib/active_support/tagged_logging.rb:69:in `tagged'
railties (5.0.1) lib/rails/rack/logger.rb:24:in `call'
actionpack (5.0.1) lib/action_dispatch/middleware/request_id.rb:24:in `call'
rack (2.0.1) lib/rack/runtime.rb:22:in `call'
activesupport (5.0.1) lib/active_support/cache/strategy/local_cache_middleware.rb:28:in `call'
actionpack (5.0.1) lib/action_dispatch/middleware/executor.rb:12:in `call'
actionpack (5.0.1) lib/action_dispatch/middleware/static.rb:136:in `call'
rack (2.0.1) lib/rack/sendfile.rb:111:in `call'
rack-cors (0.4.1) lib/rack/cors.rb:81:in `call'
railties (5.0.1) lib/rails/engine.rb:522:in `call'
puma (3.7.0) lib/puma/configuration.rb:226:in `call'
puma (3.7.0) lib/puma/server.rb:578:in `handle_request'
puma (3.7.0) lib/puma/server.rb:415:in `process_client'
puma (3.7.0) lib/puma/server.rb:275:in `block in run'
puma (3.7.0) lib/puma/thread_pool.rb:120:in `block in spawn_thread'
Started GET "/api/http://localhost:3000/api/chitin/set?location=/home/mortimer/PlayOnLinux%27s%20virtual%20drives/bgee/drive_c/Program%20Files/Baldur%27s%20Gate%20-%20Enhanced%20Edition/chitin.key" for 127.0.0.1 at 2017-02-13 16:21:29 +0100
  
ActionController::RoutingError (No route matches [GET] "/api/http:/localhost:3000/api/chitin/set"):
  
actionpack (5.0.1) lib/action_dispatch/middleware/debug_exceptions.rb:53:in `call'
actionpack (5.0.1) lib/action_dispatch/middleware/show_exceptions.rb:31:in `call'
railties (5.0.1) lib/rails/rack/logger.rb:36:in `call_app'
railties (5.0.1) lib/rails/rack/logger.rb:24:in `block in call'
activesupport (5.0.1) lib/active_support/tagged_logging.rb:69:in `block in tagged'
activesupport (5.0.1) lib/active_support/tagged_logging.rb:26:in `tagged'
activesupport (5.0.1) lib/active_support/tagged_logging.rb:69:in `tagged'
railties (5.0.1) lib/rails/rack/logger.rb:24:in `call'
actionpack (5.0.1) lib/action_dispatch/middleware/request_id.rb:24:in `call'
rack (2.0.1) lib/rack/runtime.rb:22:in `call'
activesupport (5.0.1) lib/active_support/cache/strategy/local_cache_middleware.rb:28:in `call'
actionpack (5.0.1) lib/action_dispatch/middleware/executor.rb:12:in `call'
actionpack (5.0.1) lib/action_dispatch/middleware/static.rb:136:in `call'
rack (2.0.1) lib/rack/sendfile.rb:111:in `call'
rack-cors (0.4.1) lib/rack/cors.rb:81:in `call'
railties (5.0.1) lib/rails/engine.rb:522:in `call'
puma (3.7.0) lib/puma/configuration.rb:226:in `call'
puma (3.7.0) lib/puma/server.rb:578:in `handle_request'
puma (3.7.0) lib/puma/server.rb:415:in `process_client'
puma (3.7.0) lib/puma/server.rb:275:in `block in run'
puma (3.7.0) lib/puma/thread_pool.rb:120:in `block in spawn_thread'
Started GET "/api/chitin/set?location=/home/mortimer/PlayOnLinux%27s%20virtual%20drives/bgee/drive_c/Program%20Files/Baldur%27s%20Gate%20-%20Enhanced%20Edition/chitin.key" for 127.0.0.1 at 2017-02-13 16:21:37 +0100
Processing by Api::ChitinController#set as JSON
  Parameters: {"location"=>"/home/mortimer/PlayOnLinux's virtual drives/bgee/drive_c/Program Files/Baldur's Gate - Enhanced Edition/chitin.key"}
Completed 204 No Content in 0ms (ActiveRecord: 0.0ms)


Started GET "/api/chitin/set?location=/home/mortimer/PlayOnLinux%27s%20virtual%20drives/bgee/drive_c/Program%20Files/Baldur%27s%20Gate%20-%20Enhanced%20Edition/chitin.key" for 127.0.0.1 at 2017-02-13 16:21:41 +0100
Processing by Api::ChitinController#set as JSON
  Parameters: {"location"=>"/home/mortimer/PlayOnLinux's virtual drives/bgee/drive_c/Program Files/Baldur's Gate - Enhanced Edition/chitin.key"}
Completed 204 No Content in 0ms (ActiveRecord: 0.0ms)


Started GET "/api/http://localhost:3000/api/chitin/set?location=/home/mortimer/PlayOnLinux%27s%20virtual%20drives/bgee/drive_c/Program%20Files/Baldur%27s%20Gate%20-%20Enhanced%20Edition/chitin.key" for 127.0.0.1 at 2017-02-13 16:21:42 +0100
  
ActionController::RoutingError (No route matches [GET] "/api/http:/localhost:3000/api/chitin/set"):
  
actionpack (5.0.1) lib/action_dispatch/middleware/debug_exceptions.rb:53:in `call'
actionpack (5.0.1) lib/action_dispatch/middleware/show_exceptions.rb:31:in `call'
railties (5.0.1) lib/rails/rack/logger.rb:36:in `call_app'
railties (5.0.1) lib/rails/rack/logger.rb:24:in `block in call'
activesupport (5.0.1) lib/active_support/tagged_logging.rb:69:in `block in tagged'
activesupport (5.0.1) lib/active_support/tagged_logging.rb:26:in `tagged'
activesupport (5.0.1) lib/active_support/tagged_logging.rb:69:in `tagged'
railties (5.0.1) lib/rails/rack/logger.rb:24:in `call'
actionpack (5.0.1) lib/action_dispatch/middleware/request_id.rb:24:in `call'
rack (2.0.1) lib/rack/runtime.rb:22:in `call'
activesupport (5.0.1) lib/active_support/cache/strategy/local_cache_middleware.rb:28:in `call'
actionpack (5.0.1) lib/action_dispatch/middleware/executor.rb:12:in `call'
actionpack (5.0.1) lib/action_dispatch/middleware/static.rb:136:in `call'
rack (2.0.1) lib/rack/sendfile.rb:111:in `call'
rack-cors (0.4.1) lib/rack/cors.rb:81:in `call'
railties (5.0.1) lib/rails/engine.rb:522:in `call'
puma (3.7.0) lib/puma/configuration.rb:226:in `call'
puma (3.7.0) lib/puma/server.rb:578:in `handle_request'
puma (3.7.0) lib/puma/server.rb:415:in `process_client'
puma (3.7.0) lib/puma/server.rb:275:in `block in run'
puma (3.7.0) lib/puma/thread_pool.rb:120:in `block in spawn_thread'
Started GET "/api/chitin/set?location=/home/mortimer/PlayOnLinux%27s%20virtual%20drives/bgee/drive_c/Program%20Files/Baldur%27s%20Gate%20-%20Enhanced%20Edition/chitin.key" for 127.0.0.1 at 2017-02-13 16:21:51 +0100
Processing by Api::ChitinController#set as JSON
  Parameters: {"location"=>"/home/mortimer/PlayOnLinux's virtual drives/bgee/drive_c/Program Files/Baldur's Gate - Enhanced Edition/chitin.key"}
Completed 204 No Content in 0ms (ActiveRecord: 0.0ms)


Started GET "/api/chitin/set?location=/home/mortimer/PlayOnLinux%27s%20virtual%20drives/bgee/drive_c/Program%20Files/Baldur%27s%20Gate%20-%20Enhanced%20Edition/chitin.key" for 127.0.0.1 at 2017-02-13 16:22:02 +0100
Processing by Api::ChitinController#set as JSON
  Parameters: {"location"=>"/home/mortimer/PlayOnLinux's virtual drives/bgee/drive_c/Program Files/Baldur's Gate - Enhanced Edition/chitin.key"}
Completed 204 No Content in 0ms (ActiveRecord: 0.0ms)


Started GET "/api/chitin/set?location=/home/mortimer/PlayOnLinux%27s%20virtual%20drives/bgee/drive_c/Program%20Files/Baldur%27s%20Gate%20-%20Enhanced%20Edition/chitin.key" for 127.0.0.1 at 2017-02-13 16:22:04 +0100
Processing by Api::ChitinController#set as JSON
  Parameters: {"location"=>"/home/mortimer/PlayOnLinux's virtual drives/bgee/drive_c/Program Files/Baldur's Gate - Enhanced Edition/chitin.key"}
Completed 204 No Content in 0ms (ActiveRecord: 0.0ms)


Started GET "/api/chitin/set" for 127.0.0.1 at 2017-02-13 16:22:19 +0100
Processing by Api::ChitinController#set as JSON
Completed 204 No Content in 0ms (ActiveRecord: 0.0ms)


Started GET "/api/chitin/set" for 127.0.0.1 at 2017-02-13 16:22:20 +0100
Processing by Api::ChitinController#set as JSON
Completed 204 No Content in 0ms (ActiveRecord: 0.0ms)


Started GET "/api/chitin/set" for 127.0.0.1 at 2017-02-13 16:22:21 +0100
Processing by Api::ChitinController#set as JSON
Completed 204 No Content in 0ms (ActiveRecord: 0.0ms)


Started GET "/api/chitin/set" for 127.0.0.1 at 2017-02-13 16:22:27 +0100
Processing by Api::ChitinController#set as JSON
Completed 204 No Content in 0ms (ActiveRecord: 0.0ms)


Started GET "/api/chitin/set" for 127.0.0.1 at 2017-02-13 16:22:28 +0100
Processing by Api::ChitinController#set as JSON
Completed 204 No Content in 0ms (ActiveRecord: 0.0ms)


Started GET "/api/chitin/set" for 127.0.0.1 at 2017-02-13 16:22:28 +0100
Processing by Api::ChitinController#set as JSON
Completed 204 No Content in 0ms (ActiveRecord: 0.0ms)


Started GET "/api/chitin/set" for 127.0.0.1 at 2017-02-13 16:22:29 +0100
Processing by Api::ChitinController#set as JSON
Completed 204 No Content in 1ms (ActiveRecord: 0.0ms)


Started GET "/api/chitin/set" for 127.0.0.1 at 2017-02-13 16:22:29 +0100
Processing by Api::ChitinController#set as JSON
Completed 204 No Content in 1ms (ActiveRecord: 0.0ms)


Started GET "/api/chitin/set" for 127.0.0.1 at 2017-02-13 16:22:29 +0100
Processing by Api::ChitinController#set as JSON
Completed 204 No Content in 0ms (ActiveRecord: 0.0ms)


Started GET "/api/chitin/set" for 127.0.0.1 at 2017-02-13 16:22:30 +0100
Processing by Api::ChitinController#set as JSON
Completed 204 No Content in 1ms (ActiveRecord: 0.0ms)


Started GET "/api/chitin/set?location=/home/mortimer/PlayOnLinux%27s%20virtual%20drives/bgee/drive_c/Program%20Files/Baldur%27s%20Gate%20-%20Enhanced%20Edition/chitin.key" for 127.0.0.1 at 2017-02-13 16:23:00 +0100
Processing by Api::ChitinController#set as JSON
  Parameters: {"location"=>"/home/mortimer/PlayOnLinux's virtual drives/bgee/drive_c/Program Files/Baldur's Gate - Enhanced Edition/chitin.key"}
Completed 204 No Content in 0ms (ActiveRecord: 0.0ms)


Started GET "/api/chitin/filetypes" for 127.0.0.1 at 2017-02-13 16:23:28 +0100
Processing by Api::ChitinController#filetypes as JSON
Completed 204 No Content in 0ms (ActiveRecord: 0.0ms)


Started GET "/api/chitin/filetypes" for 127.0.0.1 at 2017-02-13 16:23:30 +0100
Processing by Api::ChitinController#filetypes as JSON
Completed 204 No Content in 0ms (ActiveRecord: 0.0ms)


Started GET "/api/chitin/files/asd" for 127.0.0.1 at 2017-02-13 16:23:47 +0100
Processing by Api::ChitinController#files as JSON
  Parameters: {"type"=>"asd"}
Completed 204 No Content in 0ms (ActiveRecord: 0.0ms)


Started GET "/api/chitin/files/asd" for 127.0.0.1 at 2017-02-13 16:25:09 +0100
Processing by Api::ChitinController#files as JSON
  Parameters: {"type"=>"asd"}
Completed 500 Internal Server Error in 0ms (ActiveRecord: 0.0ms)


  
TypeError (no implicit conversion of nil into String):
  
app/controllers/api/chitin_controller.rb:8:in `+'
app/controllers/api/chitin_controller.rb:8:in `load'
Started GET "/favicon.ico" for 127.0.0.1 at 2017-02-13 16:25:09 +0100
  
ActionController::RoutingError (No route matches [GET] "/favicon.ico"):
  
actionpack (5.0.1) lib/action_dispatch/middleware/debug_exceptions.rb:53:in `call'
actionpack (5.0.1) lib/action_dispatch/middleware/show_exceptions.rb:31:in `call'
railties (5.0.1) lib/rails/rack/logger.rb:36:in `call_app'
railties (5.0.1) lib/rails/rack/logger.rb:24:in `block in call'
activesupport (5.0.1) lib/active_support/tagged_logging.rb:69:in `block in tagged'
activesupport (5.0.1) lib/active_support/tagged_logging.rb:26:in `tagged'
activesupport (5.0.1) lib/active_support/tagged_logging.rb:69:in `tagged'
railties (5.0.1) lib/rails/rack/logger.rb:24:in `call'
actionpack (5.0.1) lib/action_dispatch/middleware/request_id.rb:24:in `call'
rack (2.0.1) lib/rack/runtime.rb:22:in `call'
activesupport (5.0.1) lib/active_support/cache/strategy/local_cache_middleware.rb:28:in `call'
actionpack (5.0.1) lib/action_dispatch/middleware/executor.rb:12:in `call'
actionpack (5.0.1) lib/action_dispatch/middleware/static.rb:136:in `call'
rack (2.0.1) lib/rack/sendfile.rb:111:in `call'
rack-cors (0.4.1) lib/rack/cors.rb:81:in `call'
railties (5.0.1) lib/rails/engine.rb:522:in `call'
puma (3.7.0) lib/puma/configuration.rb:226:in `call'
puma (3.7.0) lib/puma/server.rb:578:in `handle_request'
puma (3.7.0) lib/puma/server.rb:415:in `process_client'
puma (3.7.0) lib/puma/server.rb:275:in `block in run'
puma (3.7.0) lib/puma/thread_pool.rb:120:in `block in spawn_thread'
Started GET "/favicon.ico" for 127.0.0.1 at 2017-02-13 16:25:09 +0100
  
ActionController::RoutingError (No route matches [GET] "/favicon.ico"):
  
actionpack (5.0.1) lib/action_dispatch/middleware/debug_exceptions.rb:53:in `call'
actionpack (5.0.1) lib/action_dispatch/middleware/show_exceptions.rb:31:in `call'
railties (5.0.1) lib/rails/rack/logger.rb:36:in `call_app'
railties (5.0.1) lib/rails/rack/logger.rb:24:in `block in call'
activesupport (5.0.1) lib/active_support/tagged_logging.rb:69:in `block in tagged'
activesupport (5.0.1) lib/active_support/tagged_logging.rb:26:in `tagged'
activesupport (5.0.1) lib/active_support/tagged_logging.rb:69:in `tagged'
railties (5.0.1) lib/rails/rack/logger.rb:24:in `call'
actionpack (5.0.1) lib/action_dispatch/middleware/request_id.rb:24:in `call'
rack (2.0.1) lib/rack/runtime.rb:22:in `call'
activesupport (5.0.1) lib/active_support/cache/strategy/local_cache_middleware.rb:28:in `call'
actionpack (5.0.1) lib/action_dispatch/middleware/executor.rb:12:in `call'
actionpack (5.0.1) lib/action_dispatch/middleware/static.rb:136:in `call'
rack (2.0.1) lib/rack/sendfile.rb:111:in `call'
rack-cors (0.4.1) lib/rack/cors.rb:81:in `call'
railties (5.0.1) lib/rails/engine.rb:522:in `call'
puma (3.7.0) lib/puma/configuration.rb:226:in `call'
puma (3.7.0) lib/puma/server.rb:578:in `handle_request'
puma (3.7.0) lib/puma/server.rb:415:in `process_client'
puma (3.7.0) lib/puma/server.rb:275:in `block in run'
puma (3.7.0) lib/puma/thread_pool.rb:120:in `block in spawn_thread'
Started GET "/api/chitin/set" for 127.0.0.1 at 2017-02-13 16:25:38 +0100
Processing by Api::ChitinController#set as JSON
Completed 204 No Content in 1ms (ActiveRecord: 0.0ms)


Started GET "/api/chitin/set" for 127.0.0.1 at 2017-02-13 16:25:40 +0100
Processing by Api::ChitinController#set as JSON
Completed 204 No Content in 1ms (ActiveRecord: 0.0ms)


Started GET "/api/chitin/set" for 127.0.0.1 at 2017-02-13 16:25:41 +0100
Processing by Api::ChitinController#set as JSON
Completed 204 No Content in 1ms (ActiveRecord: 0.0ms)


Started GET "/api/chitin/set" for 127.0.0.1 at 2017-02-13 16:25:41 +0100
Processing by Api::ChitinController#set as JSON
Completed 204 No Content in 1ms (ActiveRecord: 0.0ms)


Started GET "/api/chitin/set?location=/home/mortimer/PlayOnLinux%27s%20virtual%20drives/bgee/drive_c/Program%20Files/Baldur%27s%20Gate%20-%20Enhanced%20Edition/chitin.key" for 127.0.0.1 at 2017-02-13 16:25:57 +0100
Processing by Api::ChitinController#set as JSON
  Parameters: {"location"=>"/home/mortimer/PlayOnLinux's virtual drives/bgee/drive_c/Program Files/Baldur's Gate - Enhanced Edition/chitin.key"}
Completed 204 No Content in 0ms (ActiveRecord: 0.0ms)


DEPRECATION WARNING: Passing strings or symbols to the middleware builder is deprecated, please change
them to actual class references.  For example:

  "Rack::Cors" => Rack::Cors

 (called from <top (required)> at /mnt/pliki/IE-IE/core/api/config/environment.rb:5)
Started GET "/api/chitin/set?location=/home/mortimer/PlayOnLinux%27s%20virtual%20drives/bgee/drive_c/Program%20Files/Baldur%27s%20Gate%20-%20Enhanced%20Edition/chitin.key" for 127.0.0.1 at 2017-02-13 16:28:05 +0100
DEPRECATION WARNING: ActiveRecord::Base.raise_in_transactional_callbacks= is deprecated, has no effect and will be removed without replacement. (called from block (3 levels) in <class:Railtie> at /home/mortimer/.rvm/gems/ruby-2.3.0/gems/activerecord-5.0.1/lib/active_record/railtie.rb:113)
Processing by Api::ChitinController#set as JSON
  Parameters: {"location"=>"/home/mortimer/PlayOnLinux's virtual drives/bgee/drive_c/Program Files/Baldur's Gate - Enhanced Edition/chitin.key"}
Completed 204 No Content in 1ms (ActiveRecord: 0.0ms)


Started GET "/api/chitin/filetypes" for 127.0.0.1 at 2017-02-13 16:28:23 +0100
Processing by Api::ChitinController#filetypes as JSON
Completed 500 Internal Server Error in 0ms (ActiveRecord: 0.0ms)


  
TypeError (no implicit conversion of nil into String):
  
app/controllers/api/chitin_controller.rb:8:in `+'
app/controllers/api/chitin_controller.rb:8:in `load'
Started GET "/api/chitin/set?location=/home/mortimer/PlayOnLinux%27s%20virtual%20drives/bgee/drive_c/Program%20Files/Baldur%27s%20Gate%20-%20Enhanced%20Edition/chitin.key" for 127.0.0.1 at 2017-02-13 16:33:18 +0100
Processing by Api::ChitinController#set as JSON
  Parameters: {"location"=>"/home/mortimer/PlayOnLinux's virtual drives/bgee/drive_c/Program Files/Baldur's Gate - Enhanced Edition/chitin.key"}
Completed 204 No Content in 0ms (ActiveRecord: 0.0ms)


Started GET "/api/chitin/filetypes" for 127.0.0.1 at 2017-02-13 16:33:28 +0100
Processing by Api::ChitinController#filetypes as JSON
Completed 204 No Content in 6906ms (ActiveRecord: 0.0ms)


Started GET "/api/chitin/filetypes" for 127.0.0.1 at 2017-02-13 16:33:42 +0100
Processing by Api::ChitinController#filetypes as JSON
Completed 204 No Content in 0ms (ActiveRecord: 0.0ms)


Started GET "/api/chitin/filetypes" for 127.0.0.1 at 2017-02-13 16:35:18 +0100
Processing by Api::ChitinController#filetypes as JSON
Completed 500 Internal Server Error in 13ms (ActiveRecord: 0.0ms)


  
NameError (uninitialized class variable @@chitin_location in Api::ChitinController):
  
app/controllers/api/chitin_controller.rb:7:in `load'
Started GET "/api/chitin/set?location=/home/mortimer/PlayOnLinux%27s%20virtual%20drives/bgee/drive_c/Program%20Files/Baldur%27s%20Gate%20-%20Enhanced%20Edition/chitin.key" for 127.0.0.1 at 2017-02-13 16:35:54 +0100
Processing by Api::ChitinController#set as JSON
  Parameters: {"location"=>"/home/mortimer/PlayOnLinux's virtual drives/bgee/drive_c/Program Files/Baldur's Gate - Enhanced Edition/chitin.key"}
Completed 204 No Content in 1ms (ActiveRecord: 0.0ms)


Started GET "/api/chitin/filetypes" for 127.0.0.1 at 2017-02-13 16:35:59 +0100
Processing by Api::ChitinController#filetypes as JSON
Completed 500 Internal Server Error in 4289ms (ActiveRecord: 0.0ms)


  
NameError (undefined local variable or method `result' for #<Api::ChitinController:0x007f62e95ad450>):
  
app/controllers/api/chitin_controller.rb:16:in `filetypes'
Started GET "/api/chitin/filetypes" for 127.0.0.1 at 2017-02-13 16:36:19 +0100
Processing by Api::ChitinController#filetypes as JSON
Completed 500 Internal Server Error in 11ms (ActiveRecord: 0.0ms)


  
NameError (uninitialized class variable @@chitin_location in Api::ChitinController):
  
app/controllers/api/chitin_controller.rb:7:in `load'
Started GET "/api/chitin/set?location=/home/mortimer/PlayOnLinux%27s%20virtual%20drives/bgee/drive_c/Program%20Files/Baldur%27s%20Gate%20-%20Enhanced%20Edition/chitin.key" for 127.0.0.1 at 2017-02-13 16:36:25 +0100
Processing by Api::ChitinController#set as JSON
  Parameters: {"location"=>"/home/mortimer/PlayOnLinux's virtual drives/bgee/drive_c/Program Files/Baldur's Gate - Enhanced Edition/chitin.key"}
Completed 204 No Content in 0ms (ActiveRecord: 0.0ms)


Started GET "/api/chitin/filetypes" for 127.0.0.1 at 2017-02-13 16:36:29 +0100
Processing by Api::ChitinController#filetypes as JSON
Completed 200 OK in 31ms (Views: 0.7ms | ActiveRecord: 0.0ms)


Started GET "/api/chitin/files" for 127.0.0.1 at 2017-02-13 16:36:40 +0100
  
ActionController::RoutingError (No route matches [GET] "/api/chitin/files"):
  
actionpack (5.0.1) lib/action_dispatch/middleware/debug_exceptions.rb:53:in `call'
actionpack (5.0.1) lib/action_dispatch/middleware/show_exceptions.rb:31:in `call'
railties (5.0.1) lib/rails/rack/logger.rb:36:in `call_app'
railties (5.0.1) lib/rails/rack/logger.rb:24:in `block in call'
activesupport (5.0.1) lib/active_support/tagged_logging.rb:69:in `block in tagged'
activesupport (5.0.1) lib/active_support/tagged_logging.rb:26:in `tagged'
activesupport (5.0.1) lib/active_support/tagged_logging.rb:69:in `tagged'
railties (5.0.1) lib/rails/rack/logger.rb:24:in `call'
actionpack (5.0.1) lib/action_dispatch/middleware/request_id.rb:24:in `call'
rack (2.0.1) lib/rack/runtime.rb:22:in `call'
activesupport (5.0.1) lib/active_support/cache/strategy/local_cache_middleware.rb:28:in `call'
actionpack (5.0.1) lib/action_dispatch/middleware/executor.rb:12:in `call'
actionpack (5.0.1) lib/action_dispatch/middleware/static.rb:136:in `call'
rack (2.0.1) lib/rack/sendfile.rb:111:in `call'
rack-cors (0.4.1) lib/rack/cors.rb:81:in `call'
railties (5.0.1) lib/rails/engine.rb:522:in `call'
puma (3.7.0) lib/puma/configuration.rb:226:in `call'
puma (3.7.0) lib/puma/server.rb:578:in `handle_request'
puma (3.7.0) lib/puma/server.rb:415:in `process_client'
puma (3.7.0) lib/puma/server.rb:275:in `block in run'
puma (3.7.0) lib/puma/thread_pool.rb:120:in `block in spawn_thread'
Started GET "/api/chitin/set?location=/home/mortimer/PlayOnLinux%27s%20virtual%20drives/bgee/drive_c/Program%20Files/Baldur%27s%20Gate%20-%20Enhanced%20Edition/chitin.key" for 127.0.0.1 at 2017-02-13 16:37:15 +0100
Processing by Api::ChitinController#set as JSON
  Parameters: {"location"=>"/home/mortimer/PlayOnLinux's virtual drives/bgee/drive_c/Program Files/Baldur's Gate - Enhanced Edition/chitin.key"}
Completed 204 No Content in 0ms (ActiveRecord: 0.0ms)


Started GET "/api/chitin/set?location=/home/mortimer/PlayOnLinux%27s%20virtual%20drives/bgee/drive_c/Program%20Files/Baldur%27s%20Gate%20-%20Enhanced%20Edition/chitin.key" for 127.0.0.1 at 2017-02-13 16:37:17 +0100
Processing by Api::ChitinController#set as JSON
  Parameters: {"location"=>"/home/mortimer/PlayOnLinux's virtual drives/bgee/drive_c/Program Files/Baldur's Gate - Enhanced Edition/chitin.key"}
Completed 204 No Content in 1ms (ActiveRecord: 0.0ms)


Started GET "/api/chitin/filetypes" for 127.0.0.1 at 2017-02-13 16:37:20 +0100
Processing by Api::ChitinController#filetypes as JSON
Completed 200 OK in 3ms (Views: 1.5ms | ActiveRecord: 0.0ms)


Started GET "/api/chitin/files/are" for 127.0.0.1 at 2017-02-13 16:37:51 +0100
Processing by Api::ChitinController#files as JSON
  Parameters: {"type"=>"are"}
Completed 204 No Content in 1ms (ActiveRecord: 0.0ms)


Started GET "/api/chitin/files/are" for 127.0.0.1 at 2017-02-13 16:38:37 +0100
Processing by Api::ChitinController#files as JSON
  Parameters: {"type"=>"are"}
Completed 500 Internal Server Error in 11ms (ActiveRecord: 0.0ms)


  
NameError (uninitialized class variable @@chitin_location in Api::ChitinController):
  
app/controllers/api/chitin_controller.rb:7:in `load'
Started GET "/api/chitin/set?location=/home/mortimer/PlayOnLinux%27s%20virtual%20drives/bgee/drive_c/Program%20Files/Baldur%27s%20Gate%20-%20Enhanced%20Edition/chitin.key" for 127.0.0.1 at 2017-02-13 16:38:45 +0100
Processing by Api::ChitinController#set as JSON
  Parameters: {"location"=>"/home/mortimer/PlayOnLinux's virtual drives/bgee/drive_c/Program Files/Baldur's Gate - Enhanced Edition/chitin.key"}
Completed 204 No Content in 0ms (ActiveRecord: 0.0ms)


Started GET "/api/chitin/set?location=/home/mortimer/PlayOnLinux%27s%20virtual%20drives/bgee/drive_c/Program%20Files/Baldur%27s%20Gate%20-%20Enhanced%20Edition/chitin.key" for 127.0.0.1 at 2017-02-13 16:38:46 +0100
Processing by Api::ChitinController#set as JSON
  Parameters: {"location"=>"/home/mortimer/PlayOnLinux's virtual drives/bgee/drive_c/Program Files/Baldur's Gate - Enhanced Edition/chitin.key"}
Completed 204 No Content in 1ms (ActiveRecord: 0.0ms)


Started GET "/api/chitin/files/are" for 127.0.0.1 at 2017-02-13 16:38:51 +0100
Processing by Api::ChitinController#files as JSON
  Parameters: {"type"=>"are"}
Completed 200 OK in 1746ms (Views: 0.2ms | ActiveRecord: 0.0ms)


Started GET "/api/chitin/files/ITM" for 127.0.0.1 at 2017-02-13 16:38:58 +0100
Processing by Api::ChitinController#files as JSON
  Parameters: {"type"=>"ITM"}
Completed 200 OK in 9ms (Views: 7.6ms | ActiveRecord: 0.0ms)


